{"uuid":"ad6207dd-c9ca-4ca8-bce2-f6e88c8c7a72","historyId":"6db55a3782935c53ae0579dacc328186","fullName":"com.yigitkurbetci.lcwaikiki.test.MainTest.testEndToEndScenario","labels":[{"name":"package","value":"com.yigitkurbetci.lcwaikiki.test.MainTest"},{"name":"testClass","value":"com.yigitkurbetci.lcwaikiki.test.MainTest"},{"name":"testMethod","value":"testEndToEndScenario"},{"name":"parentSuite","value":"Default Suite"},{"name":"suite","value":"lcwBootcampProject"},{"name":"subSuite","value":"com.yigitkurbetci.lcwaikiki.test.MainTest"},{"name":"host","value":"DESKTOP-I9CH04G"},{"name":"thread","value":"16132@DESKTOP-I9CH04G.main(1)"},{"name":"framework","value":"testng"},{"name":"language","value":"java"}],"links":[],"name":"testEndToEndScenario","status":"broken","statusDetails":{"known":false,"muted":false,"flaky":false,"message":"java.lang.reflect.InvocationTargetException\nBuild info: version: '4.10.0', revision: 'c14d967899'\nSystem info: os.name: 'Windows 11', os.arch: 'amd64', os.version: '10.0', java.version: '23.0.1'\nDriver info: org.openqa.selenium.chrome.ChromeDriver\nCommand: [a70a4ffcec36b9f009a71caeda615fd7, actions {actions=[org.openqa.selenium.interactions.Sequence@22a6e998]}]\nCapabilities {acceptInsecureCerts: false, browserName: chrome, browserVersion: 131.0.6778.264, chrome: {chromedriverVersion: 131.0.6778.264 (2d05e315153..., userDataDir: C:\\Users\\ykurb\\AppData\\Loca...}, fedcm:accounts: true, goog:chromeOptions: {debuggerAddress: localhost:50351}, networkConnectionEnabled: false, pageLoadStrategy: normal, platformName: windows, proxy: Proxy(), se:cdp: ws://localhost:50351/devtoo..., se:cdpVersion: 131.0.6778.264, setWindowRect: true, strictFileInteractability: false, timeouts: {implicit: 0, pageLoad: 300000, script: 30000}, unhandledPromptBehavior: dismiss and notify, webauthn:extension:credBlob: true, webauthn:extension:largeBlob: true, webauthn:extension:minPinLength: true, webauthn:extension:prf: true, webauthn:virtualAuthenticators: true}\nSession ID: a70a4ffcec36b9f009a71caeda615fd7","trace":"org.openqa.selenium.json.JsonException: java.lang.reflect.InvocationTargetException\nBuild info: version: '4.10.0', revision: 'c14d967899'\nSystem info: os.name: 'Windows 11', os.arch: 'amd64', os.version: '10.0', java.version: '23.0.1'\nDriver info: org.openqa.selenium.chrome.ChromeDriver\nCommand: [a70a4ffcec36b9f009a71caeda615fd7, actions {actions=[org.openqa.selenium.interactions.Sequence@22a6e998]}]\nCapabilities {acceptInsecureCerts: false, browserName: chrome, browserVersion: 131.0.6778.264, chrome: {chromedriverVersion: 131.0.6778.264 (2d05e315153..., userDataDir: C:\\Users\\ykurb\\AppData\\Loca...}, fedcm:accounts: true, goog:chromeOptions: {debuggerAddress: localhost:50351}, networkConnectionEnabled: false, pageLoadStrategy: normal, platformName: windows, proxy: Proxy(), se:cdp: ws://localhost:50351/devtoo..., se:cdpVersion: 131.0.6778.264, setWindowRect: true, strictFileInteractability: false, timeouts: {implicit: 0, pageLoad: 300000, script: 30000}, unhandledPromptBehavior: dismiss and notify, webauthn:extension:credBlob: true, webauthn:extension:largeBlob: true, webauthn:extension:minPinLength: true, webauthn:extension:prf: true, webauthn:virtualAuthenticators: true}\nSession ID: a70a4ffcec36b9f009a71caeda615fd7\r\n\tat org.openqa.selenium.json.JsonOutput.convertUsingMethod(JsonOutput.java:395)\r\n\tat org.openqa.selenium.json.JsonOutput.lambda$new$16(JsonOutput.java:165)\r\n\tat org.openqa.selenium.json.JsonOutput.write(JsonOutput.java:322)\r\n\tat org.openqa.selenium.json.JsonOutput.lambda$new$22(JsonOutput.java:185)\r\n\tat java.base/java.util.stream.ForEachOps$ForEachOp$OfRef.accept(ForEachOps.java:184)\r\n\tat java.base/java.util.stream.ReferencePipeline$2$1.accept(ReferencePipeline.java:197)\r\n\tat java.base/java.util.Iterator.forEachRemaining(Iterator.java:133)\r\n\tat java.base/java.util.Spliterators$IteratorSpliterator.forEachRemaining(Spliterators.java:1939)\r\n\tat java.base/java.util.stream.AbstractPipeline.copyInto(AbstractPipeline.java:570)\r\n\tat java.base/java.util.stream.AbstractPipeline.wrapAndCopyInto(AbstractPipeline.java:560)\r\n\tat java.base/java.util.stream.ForEachOps$ForEachOp.evaluateSequential(ForEachOps.java:151)\r\n\tat java.base/java.util.stream.ForEachOps$ForEachOp$OfRef.evaluateSequential(ForEachOps.java:174)\r\n\tat java.base/java.util.stream.AbstractPipeline.evaluate(AbstractPipeline.java:265)\r\n\tat java.base/java.util.stream.ReferencePipeline.forEach(ReferencePipeline.java:636)\r\n\tat org.openqa.selenium.json.JsonOutput.lambda$new$23(JsonOutput.java:185)\r\n\tat org.openqa.selenium.json.JsonOutput.write(JsonOutput.java:322)\r\n\tat org.openqa.selenium.json.JsonOutput.lambda$new$24(JsonOutput.java:203)\r\n\tat com.google.common.collect.SingletonImmutableBiMap.forEach(SingletonImmutableBiMap.java:68)\r\n\tat org.openqa.selenium.json.JsonOutput.lambda$new$25(JsonOutput.java:198)\r\n\tat org.openqa.selenium.json.JsonOutput.write(JsonOutput.java:322)\r\n\tat org.openqa.selenium.json.JsonOutput.write(JsonOutput.java:313)\r\n\tat org.openqa.selenium.json.Json.toJson(Json.java:43)\r\n\tat org.openqa.selenium.remote.codec.AbstractHttpCommandCodec.encode(AbstractHttpCommandCodec.java:256)\r\n\tat org.openqa.selenium.remote.codec.AbstractHttpCommandCodec.encode(AbstractHttpCommandCodec.java:120)\r\n\tat org.openqa.selenium.remote.HttpCommandExecutor.execute(HttpCommandExecutor.java:179)\r\n\tat org.openqa.selenium.remote.service.DriverCommandExecutor.invokeExecute(DriverCommandExecutor.java:196)\r\n\tat org.openqa.selenium.remote.service.DriverCommandExecutor.execute(DriverCommandExecutor.java:171)\r\n\tat org.openqa.selenium.remote.RemoteWebDriver.execute(RemoteWebDriver.java:531)\r\n\tat org.openqa.selenium.remote.RemoteWebDriver.perform(RemoteWebDriver.java:603)\r\n\tat org.openqa.selenium.interactions.Actions$BuiltAction.perform(Actions.java:585)\r\n\tat org.openqa.selenium.interactions.Actions.perform(Actions.java:554)\r\n\tat com.yigitkurbetci.lcwaikiki.pages.HomePage.hoverOverGirlChild(HomePage.java:38)\r\n\tat com.yigitkurbetci.lcwaikiki.test.MainTest.testEndToEndScenario(MainTest.java:39)\r\n\tat java.base/jdk.internal.reflect.DirectMethodHandleAccessor.invoke(DirectMethodHandleAccessor.java:103)\r\n\tat java.base/java.lang.reflect.Method.invoke(Method.java:580)\r\n\tat org.testng.internal.invokers.MethodInvocationHelper.invokeMethod(MethodInvocationHelper.java:139)\r\n\tat org.testng.internal.invokers.TestInvoker.invokeMethod(TestInvoker.java:664)\r\n\tat org.testng.internal.invokers.TestInvoker.invokeTestMethod(TestInvoker.java:227)\r\n\tat org.testng.internal.invokers.MethodRunner.runInSequence(MethodRunner.java:50)\r\n\tat org.testng.internal.invokers.TestInvoker$MethodInvocationAgent.invoke(TestInvoker.java:957)\r\n\tat org.testng.internal.invokers.TestInvoker.invokeTestMethods(TestInvoker.java:200)\r\n\tat org.testng.internal.invokers.TestMethodWorker.invokeTestMethods(TestMethodWorker.java:148)\r\n\tat org.testng.internal.invokers.TestMethodWorker.run(TestMethodWorker.java:128)\r\n\tat java.base/java.util.ArrayList.forEach(ArrayList.java:1597)\r\n\tat org.testng.TestRunner.privateRun(TestRunner.java:848)\r\n\tat org.testng.TestRunner.run(TestRunner.java:621)\r\n\tat org.testng.SuiteRunner.runTest(SuiteRunner.java:443)\r\n\tat org.testng.SuiteRunner.runSequentially(SuiteRunner.java:437)\r\n\tat org.testng.SuiteRunner.privateRun(SuiteRunner.java:397)\r\n\tat org.testng.SuiteRunner.run(SuiteRunner.java:336)\r\n\tat org.testng.SuiteRunnerWorker.runSuite(SuiteRunnerWorker.java:52)\r\n\tat org.testng.SuiteRunnerWorker.run(SuiteRunnerWorker.java:95)\r\n\tat org.testng.TestNG.runSuitesSequentially(TestNG.java:1280)\r\n\tat org.testng.TestNG.runSuitesLocally(TestNG.java:1200)\r\n\tat org.testng.TestNG.runSuites(TestNG.java:1114)\r\n\tat org.testng.TestNG.run(TestNG.java:1082)\r\n\tat com.intellij.rt.testng.IDEARemoteTestNG.run(IDEARemoteTestNG.java:65)\r\n\tat com.intellij.rt.testng.RemoteTestNGStarter.main(RemoteTestNGStarter.java:105)\r\n\tSuppressed: org.openqa.selenium.json.JsonException: Attempting to close incomplete json stream\nBuild info: version: '4.10.0', revision: 'c14d967899'\nSystem info: os.name: 'Windows 11', os.arch: 'amd64', os.version: '10.0', java.version: '23.0.1'\nDriver info: driver.version: RemoteWebDriver\r\n\t\tat org.openqa.selenium.json.JsonOutput.close(JsonOutput.java:338)\r\n\t\tat org.openqa.selenium.json.Json.toJson(Json.java:41)\r\n\t\t... 36 more\r\nCaused by: java.lang.reflect.InvocationTargetException\r\n\tat java.base/jdk.internal.reflect.DirectMethodHandleAccessor.invoke(DirectMethodHandleAccessor.java:118)\r\n\tat java.base/java.lang.reflect.Method.invoke(Method.java:580)\r\n\tat org.openqa.selenium.json.JsonOutput.convertUsingMethod(JsonOutput.java:391)\r\n\t... 57 more\r\nCaused by: org.openqa.selenium.InvalidSelectorException: invalid selector\nfrom javascript error: {\"status\":32,\"value\":\"Unable to locate an element with the xpath expression //button[@class='tab-header tab-header--active'])[1] because of the following error:\\nSyntaxError: Failed to execute 'evaluate' on 'Document': The string '//button[@class='tab-header tab-header--active'])[1]' is not a valid XPath expression.\"}\n  (Session info: chrome=131.0.6778.264)\nFor documentation on this error, please visit: https://www.selenium.dev/documentation/webdriver/troubleshooting/errors#invalid-selector-exception\nBuild info: version: '4.10.0', revision: 'c14d967899'\nSystem info: os.name: 'Windows 11', os.arch: 'amd64', os.version: '10.0', java.version: '23.0.1'\nDriver info: org.openqa.selenium.chrome.ChromeDriver\nCommand: [a70a4ffcec36b9f009a71caeda615fd7, findElement {using=xpath, value=//button[@class='tab-header tab-header--active'])[1]}]\nCapabilities {acceptInsecureCerts: false, browserName: chrome, browserVersion: 131.0.6778.264, chrome: {chromedriverVersion: 131.0.6778.264 (2d05e315153..., userDataDir: C:\\Users\\ykurb\\AppData\\Loca...}, fedcm:accounts: true, goog:chromeOptions: {debuggerAddress: localhost:50351}, networkConnectionEnabled: false, pageLoadStrategy: normal, platformName: windows, proxy: Proxy(), se:cdp: ws://localhost:50351/devtoo..., se:cdpVersion: 131.0.6778.264, setWindowRect: true, strictFileInteractability: false, timeouts: {implicit: 0, pageLoad: 300000, script: 30000}, unhandledPromptBehavior: dismiss and notify, webauthn:extension:credBlob: true, webauthn:extension:largeBlob: true, webauthn:extension:minPinLength: true, webauthn:extension:prf: true, webauthn:virtualAuthenticators: true}\nSession ID: a70a4ffcec36b9f009a71caeda615fd7\r\n\tat java.base/jdk.internal.reflect.DirectConstructorHandleAccessor.newInstance(DirectConstructorHandleAccessor.java:62)\r\n\tat java.base/java.lang.reflect.Constructor.newInstanceWithCaller(Constructor.java:501)\r\n\tat java.base/java.lang.reflect.Constructor.newInstance(Constructor.java:485)\r\n\tat org.openqa.selenium.remote.codec.w3c.W3CHttpResponseCodec.createException(W3CHttpResponseCodec.java:199)\r\n\tat org.openqa.selenium.remote.codec.w3c.W3CHttpResponseCodec.decode(W3CHttpResponseCodec.java:132)\r\n\tat org.openqa.selenium.remote.codec.w3c.W3CHttpResponseCodec.decode(W3CHttpResponseCodec.java:51)\r\n\tat org.openqa.selenium.remote.HttpCommandExecutor.execute(HttpCommandExecutor.java:191)\r\n\tat org.openqa.selenium.remote.service.DriverCommandExecutor.invokeExecute(DriverCommandExecutor.java:196)\r\n\tat org.openqa.selenium.remote.service.DriverCommandExecutor.execute(DriverCommandExecutor.java:171)\r\n\tat org.openqa.selenium.remote.RemoteWebDriver.execute(RemoteWebDriver.java:531)\r\n\tat org.openqa.selenium.remote.ElementLocation$ElementFinder$2.findElement(ElementLocation.java:165)\r\n\tat org.openqa.selenium.remote.ElementLocation.findElement(ElementLocation.java:59)\r\n\tat org.openqa.selenium.remote.RemoteWebDriver.findElement(RemoteWebDriver.java:350)\r\n\tat org.openqa.selenium.remote.RemoteWebDriver.findElement(RemoteWebDriver.java:344)\r\n\tat org.openqa.selenium.support.pagefactory.DefaultElementLocator.findElement(DefaultElementLocator.java:68)\r\n\tat org.openqa.selenium.support.pagefactory.internal.LocatingElementHandler.invoke(LocatingElementHandler.java:38)\r\n\tat jdk.proxy2/jdk.proxy2.$Proxy15.getWrappedElement(Unknown Source)\r\n\tat org.openqa.selenium.interactions.PointerInput$Origin.asArg(PointerInput.java:275)\r\n\tat org.openqa.selenium.interactions.PointerInput$Move.encode(PointerInput.java:224)\r\n\tat org.openqa.selenium.interactions.Sequence.encode(Sequence.java:72)\r\n\tat org.openqa.selenium.interactions.Sequence.toJson(Sequence.java:81)\r\n\tat java.base/jdk.internal.reflect.DirectMethodHandleAccessor.invoke(DirectMethodHandleAccessor.java:103)\r\n\t... 59 more\r\n"},"stage":"finished","steps":[],"attachments":[],"parameters":[],"start":1736425126379,"stop":1736425137514}